TN:
SF:src/VotingSystem.sol
DA:44,22
FN:44,VotingSystem.notZeroAddress
FNDA:22,VotingSystem.notZeroAddress
DA:45,22
BRDA:45,0,0,1
DA:46,1
DA:51,10
FN:51,VotingSystem.proposalExists
FNDA:10,VotingSystem.proposalExists
DA:52,10
BRDA:52,1,0,1
DA:53,1
DA:58,20
FN:58,VotingSystem.proposalIsActive
FNDA:20,VotingSystem.proposalIsActive
DA:59,20
BRDA:59,2,0,1
DA:60,1
DA:65,22
FN:65,VotingSystem.createProposal
FNDA:22,VotingSystem.createProposal
DA:70,21
BRDA:70,3,0,1
DA:71,1
DA:75,20
DA:90,20
DA:93,21
FN:93,VotingSystem.vote
FNDA:21,VotingSystem.vote
DA:95,1
BRDA:95,4,0,1
DA:96,1
DA:99,18
DA:101,11
BRDA:101,5,0,11
BRDA:101,5,1,7
DA:102,11
DA:104,7
DA:108,18
DA:111,10
FN:111,VotingSystem.executeProposal
FNDA:10,VotingSystem.executeProposal
DA:113,9
BRDA:113,6,0,1
DA:114,1
DA:117,1
BRDA:117,7,0,1
DA:118,1
DA:122,7
DA:124,7
BRDA:124,8,0,3
DA:125,3
DA:128,4
DA:131,4
DA:132,4
DA:133,4
BRDA:133,9,0,1
DA:134,1
DA:137,3
DA:140,1
FN:140,VotingSystem.receive
FNDA:1,VotingSystem.receive
DA:141,1
DA:144,1
FN:144,VotingSystem.fallback
FNDA:1,VotingSystem.fallback
DA:145,1
DA:152,22
FN:152,VotingSystem.getProposal
FNDA:22,VotingSystem.getProposal
DA:153,22
FNF:9
FNH:9
LF:42
LH:42
BRF:11
BRH:11
end_of_record
TN:
SF:test/unit/VotingSystemTest.t.sol
DA:9,1
FN:9,BadTarget.receive
FNDA:1,BadTarget.receive
DA:10,1
DA:12,0
FN:12,BadTarget.fallback
FNDA:0,BadTarget.fallback
DA:13,0
FNF:2
FNH:1
LF:4
LH:2
BRF:0
BRH:0
end_of_record
