TN:
SF:src/Escrow.sol
DA:48,9
FN:48,EscrowContract.onlyBuyer
FNDA:9,EscrowContract.onlyBuyer
DA:49,9
BRDA:49,0,0,1
DA:50,1
DA:55,10
FN:55,EscrowContract.escrowExist
FNDA:10,EscrowContract.escrowExist
DA:56,10
BRDA:56,1,0,1
DA:57,1
DA:62,7
FN:62,EscrowContract.onlyArbiter
FNDA:7,EscrowContract.onlyArbiter
DA:63,7
BRDA:63,2,0,1
DA:64,1
DA:69,8
FN:69,EscrowContract.escrowNotSettled
FNDA:8,EscrowContract.escrowNotSettled
DA:70,8
BRDA:70,3,0,2
DA:71,2
DA:76,35
FN:76,EscrowContract.notZeroAddress
FNDA:35,EscrowContract.notZeroAddress
DA:77,35
BRDA:77,4,0,1
DA:78,1
DA:83,12
FN:83,EscrowContract.onlyBuyerOrSeller
FNDA:12,EscrowContract.onlyBuyerOrSeller
DA:84,12
BRDA:84,5,0,1
DA:85,1
DA:90,35
FN:90,EscrowContract.createEscrow
FNDA:35,EscrowContract.createEscrow
DA:97,33
BRDA:97,6,0,1
DA:98,1
DA:100,32
BRDA:100,7,0,1
DA:101,1
DA:105,31
DA:109,31
DA:112,31
DA:115,7
FN:115,EscrowContract.confirmDelivery
FNDA:7,EscrowContract.confirmDelivery
DA:117,5
BRDA:117,8,0,0
DA:118,0
DA:122,5
DA:125,5
DA:126,5
BRDA:126,9,0,0
DA:127,0
DA:130,5
DA:133,10
FN:133,EscrowContract.refund
FNDA:10,EscrowContract.refund
DA:134,6
BRDA:134,10,0,1
DA:135,1
DA:138,5
DA:140,5
DA:141,5
BRDA:141,11,0,0
DA:142,0
DA:145,5
DA:148,15
FN:148,EscrowContract.raiseDispute
FNDA:15,EscrowContract.raiseDispute
DA:154,11
BRDA:154,12,0,1
DA:155,1
DA:158,10
DA:160,10
DA:163,8
FN:163,EscrowContract.resolveDispute
FNDA:8,EscrowContract.resolveDispute
DA:169,4
BRDA:169,13,0,1
DA:170,1
DA:173,3
DA:175,3
DA:177,1
BRDA:177,14,0,1
BRDA:177,14,1,2
DA:178,1
DA:180,2
DA:183,3
BRDA:183,15,0,0
DA:184,0
DA:187,3
DA:190,0
FN:190,EscrowContract.receive
FNDA:0,EscrowContract.receive
DA:191,0
DA:194,0
FN:194,EscrowContract.fallback
FNDA:0,EscrowContract.fallback
DA:195,0
DA:202,14
FN:202,EscrowContract.getEscrow
FNDA:14,EscrowContract.getEscrow
DA:203,14
FNF:14
FNH:12
LF:64
LH:56
BRF:17
BRH:13
end_of_record
